
*** Running vivado
    with args -log uBlaze_pong_im_gen_wrapper.vds -m64 -product Vivado -mode batch -messageDb vivado.pb -notrace -source uBlaze_pong_im_gen_wrapper.tcl



****** Vivado v2022.1 (64-bit)
  **** SW Build 3526262 on Mon Apr 18 15:48:16 MDT 2022
  **** IP Build 3524634 on Mon Apr 18 20:55:01 MDT 2022
    ** Copyright 1986-2022 Xilinx, Inc. All Rights Reserved.

source uBlaze_pong_im_gen_wrapper.tcl -notrace
create_project: Time (s): cpu = 00:00:06 ; elapsed = 00:00:16 . Memory (MB): peak = 1409.867 ; gain = 0.000
INFO: [IP_Flow 19-234] Refreshing IP repositories
INFO: [IP_Flow 19-1700] Loaded user IP repository 'd:/SoCDesign/HW3/ip_repo/pong_image_gen_3.0'.
INFO: [IP_Flow 19-2313] Loaded Vivado IP repository 'D:/Vivado/2022.1/data/ip'.
add_files: Time (s): cpu = 00:00:02 ; elapsed = 00:00:06 . Memory (MB): peak = 1409.867 ; gain = 0.000
Command: read_checkpoint -auto_incremental -incremental D:/SoCDesign/HW3/hw3_pong_game_v3/hw3_pong_game_v3.srcs/utils_1/imports/synth_1/top.dcp
INFO: [Vivado 12-5825] Read reference checkpoint from D:/SoCDesign/HW3/hw3_pong_game_v3/hw3_pong_game_v3.srcs/utils_1/imports/synth_1/top.dcp for incremental synthesis
INFO: [Vivado 12-7989] Please ensure there are no constraint changes
Command: synth_design -top uBlaze_pong_im_gen_wrapper -part xc7a35tcpg236-1
Starting synth_design
Attempting to get a license for feature 'Synthesis' and/or device 'xc7a35t'
INFO: [Common 17-349] Got license for feature 'Synthesis' and/or device 'xc7a35t'
INFO: [Device 21-403] Loading part xc7a35tcpg236-1
INFO: [Designutils 20-5440] No compile time benefit to using incremental synthesis; A full resynthesis will be run
INFO: [Designutils 20-4379] Flow is switching to default flow due to incremental criteria not met. If you would like to alter this behaviour and have the flow terminate instead, please set the following parameter config_implementation {autoIncr.Synth.RejectBehavior Terminate}
INFO: [Synth 8-7079] Multithreading enabled for synth_design using a maximum of 2 processes.
INFO: [Synth 8-7078] Launching helper process for spawning children vivado processes
INFO: [Synth 8-7075] Helper process launched with PID 16260
---------------------------------------------------------------------------------
Starting RTL Elaboration : Time (s): cpu = 00:00:10 ; elapsed = 00:00:18 . Memory (MB): peak = 1409.867 ; gain = 0.000
---------------------------------------------------------------------------------
INFO: [Synth 8-6157] synthesizing module 'uBlaze_pong_im_gen_wrapper' [d:/SoCDesign/HW3/hw3_pong_game_v3/hw3_pong_game_v3.gen/sources_1/bd/uBlaze_pong_im_gen/hdl/uBlaze_pong_im_gen_wrapper.v:12]
INFO: [Synth 8-6157] synthesizing module 'uBlaze_pong_im_gen' [d:/SoCDesign/HW3/hw3_pong_game_v3/hw3_pong_game_v3.gen/sources_1/bd/uBlaze_pong_im_gen/synth/uBlaze_pong_im_gen.v:802]
INFO: [Synth 8-6157] synthesizing module 'uBlaze_pong_im_gen_axi_gpio_0_0' [D:/SoCDesign/HW3/hw3_pong_game_v3/hw3_pong_game_v3.runs/synth_1/.Xil/Vivado-25924-HPLaptopKawser/realtime/uBlaze_pong_im_gen_axi_gpio_0_0_stub.v:5]
INFO: [Synth 8-6155] done synthesizing module 'uBlaze_pong_im_gen_axi_gpio_0_0' (0#1) [D:/SoCDesign/HW3/hw3_pong_game_v3/hw3_pong_game_v3.runs/synth_1/.Xil/Vivado-25924-HPLaptopKawser/realtime/uBlaze_pong_im_gen_axi_gpio_0_0_stub.v:5]
INFO: [Synth 8-6157] synthesizing module 'uBlaze_pong_im_gen_axi_uartlite_0_0' [D:/SoCDesign/HW3/hw3_pong_game_v3/hw3_pong_game_v3.runs/synth_1/.Xil/Vivado-25924-HPLaptopKawser/realtime/uBlaze_pong_im_gen_axi_uartlite_0_0_stub.v:5]
INFO: [Synth 8-6155] done synthesizing module 'uBlaze_pong_im_gen_axi_uartlite_0_0' (0#1) [D:/SoCDesign/HW3/hw3_pong_game_v3/hw3_pong_game_v3.runs/synth_1/.Xil/Vivado-25924-HPLaptopKawser/realtime/uBlaze_pong_im_gen_axi_uartlite_0_0_stub.v:5]
WARNING: [Synth 8-7071] port 'interrupt' of module 'uBlaze_pong_im_gen_axi_uartlite_0_0' is unconnected for instance 'axi_uartlite_0' [d:/SoCDesign/HW3/hw3_pong_game_v3/hw3_pong_game_v3.gen/sources_1/bd/uBlaze_pong_im_gen/synth/uBlaze_pong_im_gen.v:973]
WARNING: [Synth 8-7023] instance 'axi_uartlite_0' of module 'uBlaze_pong_im_gen_axi_uartlite_0_0' has 22 connections declared, but only 21 given [d:/SoCDesign/HW3/hw3_pong_game_v3/hw3_pong_game_v3.gen/sources_1/bd/uBlaze_pong_im_gen/synth/uBlaze_pong_im_gen.v:973]
INFO: [Synth 8-6157] synthesizing module 'uBlaze_pong_im_gen_clk_wiz_0_0' [D:/SoCDesign/HW3/hw3_pong_game_v3/hw3_pong_game_v3.runs/synth_1/.Xil/Vivado-25924-HPLaptopKawser/realtime/uBlaze_pong_im_gen_clk_wiz_0_0_stub.v:5]
INFO: [Synth 8-6155] done synthesizing module 'uBlaze_pong_im_gen_clk_wiz_0_0' (0#1) [D:/SoCDesign/HW3/hw3_pong_game_v3/hw3_pong_game_v3.runs/synth_1/.Xil/Vivado-25924-HPLaptopKawser/realtime/uBlaze_pong_im_gen_clk_wiz_0_0_stub.v:5]
INFO: [Synth 8-6157] synthesizing module 'uBlaze_pong_im_gen_mdm_1_0' [D:/SoCDesign/HW3/hw3_pong_game_v3/hw3_pong_game_v3.runs/synth_1/.Xil/Vivado-25924-HPLaptopKawser/realtime/uBlaze_pong_im_gen_mdm_1_0_stub.v:5]
INFO: [Synth 8-6155] done synthesizing module 'uBlaze_pong_im_gen_mdm_1_0' (0#1) [D:/SoCDesign/HW3/hw3_pong_game_v3/hw3_pong_game_v3.runs/synth_1/.Xil/Vivado-25924-HPLaptopKawser/realtime/uBlaze_pong_im_gen_mdm_1_0_stub.v:5]
INFO: [Synth 8-6157] synthesizing module 'uBlaze_pong_im_gen_microblaze_0_0' [D:/SoCDesign/HW3/hw3_pong_game_v3/hw3_pong_game_v3.runs/synth_1/.Xil/Vivado-25924-HPLaptopKawser/realtime/uBlaze_pong_im_gen_microblaze_0_0_stub.v:5]
INFO: [Synth 8-6155] done synthesizing module 'uBlaze_pong_im_gen_microblaze_0_0' (0#1) [D:/SoCDesign/HW3/hw3_pong_game_v3/hw3_pong_game_v3.runs/synth_1/.Xil/Vivado-25924-HPLaptopKawser/realtime/uBlaze_pong_im_gen_microblaze_0_0_stub.v:5]
WARNING: [Synth 8-7071] port 'Interrupt_Ack' of module 'uBlaze_pong_im_gen_microblaze_0_0' is unconnected for instance 'microblaze_0' [d:/SoCDesign/HW3/hw3_pong_game_v3/hw3_pong_game_v3.gen/sources_1/bd/uBlaze_pong_im_gen/synth/uBlaze_pong_im_gen.v:1013]
WARNING: [Synth 8-7023] instance 'microblaze_0' of module 'uBlaze_pong_im_gen_microblaze_0_0' has 52 connections declared, but only 51 given [d:/SoCDesign/HW3/hw3_pong_game_v3/hw3_pong_game_v3.gen/sources_1/bd/uBlaze_pong_im_gen/synth/uBlaze_pong_im_gen.v:1013]
INFO: [Synth 8-6157] synthesizing module 'uBlaze_pong_im_gen_microblaze_0_axi_periph_0' [d:/SoCDesign/HW3/hw3_pong_game_v3/hw3_pong_game_v3.gen/sources_1/bd/uBlaze_pong_im_gen/synth/uBlaze_pong_im_gen.v:1208]
INFO: [Synth 8-6157] synthesizing module 'm00_couplers_imp_R56VKB' [d:/SoCDesign/HW3/hw3_pong_game_v3/hw3_pong_game_v3.gen/sources_1/bd/uBlaze_pong_im_gen/synth/uBlaze_pong_im_gen.v:12]
INFO: [Synth 8-6155] done synthesizing module 'm00_couplers_imp_R56VKB' (0#1) [d:/SoCDesign/HW3/hw3_pong_game_v3/hw3_pong_game_v3.gen/sources_1/bd/uBlaze_pong_im_gen/synth/uBlaze_pong_im_gen.v:12]
INFO: [Synth 8-6157] synthesizing module 'm01_couplers_imp_QQQ7O6' [d:/SoCDesign/HW3/hw3_pong_game_v3/hw3_pong_game_v3.gen/sources_1/bd/uBlaze_pong_im_gen/synth/uBlaze_pong_im_gen.v:144]
INFO: [Synth 8-6155] done synthesizing module 'm01_couplers_imp_QQQ7O6' (0#1) [d:/SoCDesign/HW3/hw3_pong_game_v3/hw3_pong_game_v3.gen/sources_1/bd/uBlaze_pong_im_gen/synth/uBlaze_pong_im_gen.v:144]
INFO: [Synth 8-6157] synthesizing module 'm02_couplers_imp_REDG1D' [d:/SoCDesign/HW3/hw3_pong_game_v3/hw3_pong_game_v3.gen/sources_1/bd/uBlaze_pong_im_gen/synth/uBlaze_pong_im_gen.v:276]
INFO: [Synth 8-6155] done synthesizing module 'm02_couplers_imp_REDG1D' (0#1) [d:/SoCDesign/HW3/hw3_pong_game_v3/hw3_pong_game_v3.gen/sources_1/bd/uBlaze_pong_im_gen/synth/uBlaze_pong_im_gen.v:276]
INFO: [Synth 8-6157] synthesizing module 's00_couplers_imp_18EO8E0' [d:/SoCDesign/HW3/hw3_pong_game_v3/hw3_pong_game_v3.gen/sources_1/bd/uBlaze_pong_im_gen/synth/uBlaze_pong_im_gen.v:656]
INFO: [Synth 8-6155] done synthesizing module 's00_couplers_imp_18EO8E0' (0#1) [d:/SoCDesign/HW3/hw3_pong_game_v3/hw3_pong_game_v3.gen/sources_1/bd/uBlaze_pong_im_gen/synth/uBlaze_pong_im_gen.v:656]
INFO: [Synth 8-6157] synthesizing module 'uBlaze_pong_im_gen_xbar_0' [D:/SoCDesign/HW3/hw3_pong_game_v3/hw3_pong_game_v3.runs/synth_1/.Xil/Vivado-25924-HPLaptopKawser/realtime/uBlaze_pong_im_gen_xbar_0_stub.v:5]
INFO: [Synth 8-6155] done synthesizing module 'uBlaze_pong_im_gen_xbar_0' (0#1) [D:/SoCDesign/HW3/hw3_pong_game_v3/hw3_pong_game_v3.runs/synth_1/.Xil/Vivado-25924-HPLaptopKawser/realtime/uBlaze_pong_im_gen_xbar_0_stub.v:5]
INFO: [Synth 8-6155] done synthesizing module 'uBlaze_pong_im_gen_microblaze_0_axi_periph_0' (0#1) [d:/SoCDesign/HW3/hw3_pong_game_v3/hw3_pong_game_v3.gen/sources_1/bd/uBlaze_pong_im_gen/synth/uBlaze_pong_im_gen.v:1208]
INFO: [Synth 8-6157] synthesizing module 'microblaze_0_local_memory_imp_BNA8XH' [d:/SoCDesign/HW3/hw3_pong_game_v3/hw3_pong_game_v3.gen/sources_1/bd/uBlaze_pong_im_gen/synth/uBlaze_pong_im_gen.v:422]
INFO: [Synth 8-6157] synthesizing module 'uBlaze_pong_im_gen_dlmb_bram_if_cntlr_0' [D:/SoCDesign/HW3/hw3_pong_game_v3/hw3_pong_game_v3.runs/synth_1/.Xil/Vivado-25924-HPLaptopKawser/realtime/uBlaze_pong_im_gen_dlmb_bram_if_cntlr_0_stub.v:5]
INFO: [Synth 8-6155] done synthesizing module 'uBlaze_pong_im_gen_dlmb_bram_if_cntlr_0' (0#1) [D:/SoCDesign/HW3/hw3_pong_game_v3/hw3_pong_game_v3.runs/synth_1/.Xil/Vivado-25924-HPLaptopKawser/realtime/uBlaze_pong_im_gen_dlmb_bram_if_cntlr_0_stub.v:5]
INFO: [Synth 8-6157] synthesizing module 'uBlaze_pong_im_gen_dlmb_v10_0' [D:/SoCDesign/HW3/hw3_pong_game_v3/hw3_pong_game_v3.runs/synth_1/.Xil/Vivado-25924-HPLaptopKawser/realtime/uBlaze_pong_im_gen_dlmb_v10_0_stub.v:5]
INFO: [Synth 8-6155] done synthesizing module 'uBlaze_pong_im_gen_dlmb_v10_0' (0#1) [D:/SoCDesign/HW3/hw3_pong_game_v3/hw3_pong_game_v3.runs/synth_1/.Xil/Vivado-25924-HPLaptopKawser/realtime/uBlaze_pong_im_gen_dlmb_v10_0_stub.v:5]
WARNING: [Synth 8-7071] port 'LMB_Rst' of module 'uBlaze_pong_im_gen_dlmb_v10_0' is unconnected for instance 'dlmb_v10' [d:/SoCDesign/HW3/hw3_pong_game_v3/hw3_pong_game_v3.gen/sources_1/bd/uBlaze_pong_im_gen/synth/uBlaze_pong_im_gen.v:568]
WARNING: [Synth 8-7023] instance 'dlmb_v10' of module 'uBlaze_pong_im_gen_dlmb_v10_0' has 25 connections declared, but only 24 given [d:/SoCDesign/HW3/hw3_pong_game_v3/hw3_pong_game_v3.gen/sources_1/bd/uBlaze_pong_im_gen/synth/uBlaze_pong_im_gen.v:568]
INFO: [Synth 8-6157] synthesizing module 'uBlaze_pong_im_gen_ilmb_bram_if_cntlr_0' [D:/SoCDesign/HW3/hw3_pong_game_v3/hw3_pong_game_v3.runs/synth_1/.Xil/Vivado-25924-HPLaptopKawser/realtime/uBlaze_pong_im_gen_ilmb_bram_if_cntlr_0_stub.v:5]
INFO: [Synth 8-6155] done synthesizing module 'uBlaze_pong_im_gen_ilmb_bram_if_cntlr_0' (0#1) [D:/SoCDesign/HW3/hw3_pong_game_v3/hw3_pong_game_v3.runs/synth_1/.Xil/Vivado-25924-HPLaptopKawser/realtime/uBlaze_pong_im_gen_ilmb_bram_if_cntlr_0_stub.v:5]
INFO: [Synth 8-6157] synthesizing module 'uBlaze_pong_im_gen_ilmb_v10_0' [D:/SoCDesign/HW3/hw3_pong_game_v3/hw3_pong_game_v3.runs/synth_1/.Xil/Vivado-25924-HPLaptopKawser/realtime/uBlaze_pong_im_gen_ilmb_v10_0_stub.v:5]
INFO: [Synth 8-6155] done synthesizing module 'uBlaze_pong_im_gen_ilmb_v10_0' (0#1) [D:/SoCDesign/HW3/hw3_pong_game_v3/hw3_pong_game_v3.runs/synth_1/.Xil/Vivado-25924-HPLaptopKawser/realtime/uBlaze_pong_im_gen_ilmb_v10_0_stub.v:5]
WARNING: [Synth 8-7071] port 'LMB_Rst' of module 'uBlaze_pong_im_gen_ilmb_v10_0' is unconnected for instance 'ilmb_v10' [d:/SoCDesign/HW3/hw3_pong_game_v3/hw3_pong_game_v3.gen/sources_1/bd/uBlaze_pong_im_gen/synth/uBlaze_pong_im_gen.v:614]
WARNING: [Synth 8-7023] instance 'ilmb_v10' of module 'uBlaze_pong_im_gen_ilmb_v10_0' has 25 connections declared, but only 24 given [d:/SoCDesign/HW3/hw3_pong_game_v3/hw3_pong_game_v3.gen/sources_1/bd/uBlaze_pong_im_gen/synth/uBlaze_pong_im_gen.v:614]
INFO: [Synth 8-6157] synthesizing module 'uBlaze_pong_im_gen_lmb_bram_0' [D:/SoCDesign/HW3/hw3_pong_game_v3/hw3_pong_game_v3.runs/synth_1/.Xil/Vivado-25924-HPLaptopKawser/realtime/uBlaze_pong_im_gen_lmb_bram_0_stub.v:5]
INFO: [Synth 8-6155] done synthesizing module 'uBlaze_pong_im_gen_lmb_bram_0' (0#1) [D:/SoCDesign/HW3/hw3_pong_game_v3/hw3_pong_game_v3.runs/synth_1/.Xil/Vivado-25924-HPLaptopKawser/realtime/uBlaze_pong_im_gen_lmb_bram_0_stub.v:5]
WARNING: [Synth 8-7071] port 'rsta_busy' of module 'uBlaze_pong_im_gen_lmb_bram_0' is unconnected for instance 'lmb_bram' [d:/SoCDesign/HW3/hw3_pong_game_v3/hw3_pong_game_v3.gen/sources_1/bd/uBlaze_pong_im_gen/synth/uBlaze_pong_im_gen.v:639]
WARNING: [Synth 8-7071] port 'rstb_busy' of module 'uBlaze_pong_im_gen_lmb_bram_0' is unconnected for instance 'lmb_bram' [d:/SoCDesign/HW3/hw3_pong_game_v3/hw3_pong_game_v3.gen/sources_1/bd/uBlaze_pong_im_gen/synth/uBlaze_pong_im_gen.v:639]
WARNING: [Synth 8-7023] instance 'lmb_bram' of module 'uBlaze_pong_im_gen_lmb_bram_0' has 16 connections declared, but only 14 given [d:/SoCDesign/HW3/hw3_pong_game_v3/hw3_pong_game_v3.gen/sources_1/bd/uBlaze_pong_im_gen/synth/uBlaze_pong_im_gen.v:639]
INFO: [Synth 8-6155] done synthesizing module 'microblaze_0_local_memory_imp_BNA8XH' (0#1) [d:/SoCDesign/HW3/hw3_pong_game_v3/hw3_pong_game_v3.gen/sources_1/bd/uBlaze_pong_im_gen/synth/uBlaze_pong_im_gen.v:422]
INFO: [Synth 8-6157] synthesizing module 'uBlaze_pong_im_gen_pong_image_gen_0_0' [D:/SoCDesign/HW3/hw3_pong_game_v3/hw3_pong_game_v3.runs/synth_1/.Xil/Vivado-25924-HPLaptopKawser/realtime/uBlaze_pong_im_gen_pong_image_gen_0_0_stub.v:5]
INFO: [Synth 8-6155] done synthesizing module 'uBlaze_pong_im_gen_pong_image_gen_0_0' (0#1) [D:/SoCDesign/HW3/hw3_pong_game_v3/hw3_pong_game_v3.runs/synth_1/.Xil/Vivado-25924-HPLaptopKawser/realtime/uBlaze_pong_im_gen_pong_image_gen_0_0_stub.v:5]
INFO: [Synth 8-6157] synthesizing module 'uBlaze_pong_im_gen_rst_clk_wiz_0_100M_0' [D:/SoCDesign/HW3/hw3_pong_game_v3/hw3_pong_game_v3.runs/synth_1/.Xil/Vivado-25924-HPLaptopKawser/realtime/uBlaze_pong_im_gen_rst_clk_wiz_0_100M_0_stub.v:5]
INFO: [Synth 8-6155] done synthesizing module 'uBlaze_pong_im_gen_rst_clk_wiz_0_100M_0' (0#1) [D:/SoCDesign/HW3/hw3_pong_game_v3/hw3_pong_game_v3.runs/synth_1/.Xil/Vivado-25924-HPLaptopKawser/realtime/uBlaze_pong_im_gen_rst_clk_wiz_0_100M_0_stub.v:5]
WARNING: [Synth 8-7071] port 'peripheral_reset' of module 'uBlaze_pong_im_gen_rst_clk_wiz_0_100M_0' is unconnected for instance 'rst_clk_wiz_0_100M' [d:/SoCDesign/HW3/hw3_pong_game_v3/hw3_pong_game_v3.gen/sources_1/bd/uBlaze_pong_im_gen/synth/uBlaze_pong_im_gen.v:1197]
WARNING: [Synth 8-7071] port 'interconnect_aresetn' of module 'uBlaze_pong_im_gen_rst_clk_wiz_0_100M_0' is unconnected for instance 'rst_clk_wiz_0_100M' [d:/SoCDesign/HW3/hw3_pong_game_v3/hw3_pong_game_v3.gen/sources_1/bd/uBlaze_pong_im_gen/synth/uBlaze_pong_im_gen.v:1197]
WARNING: [Synth 8-7023] instance 'rst_clk_wiz_0_100M' of module 'uBlaze_pong_im_gen_rst_clk_wiz_0_100M_0' has 10 connections declared, but only 8 given [d:/SoCDesign/HW3/hw3_pong_game_v3/hw3_pong_game_v3.gen/sources_1/bd/uBlaze_pong_im_gen/synth/uBlaze_pong_im_gen.v:1197]
INFO: [Synth 8-6155] done synthesizing module 'uBlaze_pong_im_gen' (0#1) [d:/SoCDesign/HW3/hw3_pong_game_v3/hw3_pong_game_v3.gen/sources_1/bd/uBlaze_pong_im_gen/synth/uBlaze_pong_im_gen.v:802]
INFO: [Synth 8-6155] done synthesizing module 'uBlaze_pong_im_gen_wrapper' (0#1) [d:/SoCDesign/HW3/hw3_pong_game_v3/hw3_pong_game_v3.gen/sources_1/bd/uBlaze_pong_im_gen/hdl/uBlaze_pong_im_gen_wrapper.v:12]
WARNING: [Synth 8-7129] Port M_ACLK in module s00_couplers_imp_18EO8E0 is either unconnected or has no load
WARNING: [Synth 8-7129] Port M_ARESETN in module s00_couplers_imp_18EO8E0 is either unconnected or has no load
WARNING: [Synth 8-7129] Port S_ACLK in module s00_couplers_imp_18EO8E0 is either unconnected or has no load
WARNING: [Synth 8-7129] Port S_ARESETN in module s00_couplers_imp_18EO8E0 is either unconnected or has no load
WARNING: [Synth 8-7129] Port M_ACLK in module m02_couplers_imp_REDG1D is either unconnected or has no load
WARNING: [Synth 8-7129] Port M_ARESETN in module m02_couplers_imp_REDG1D is either unconnected or has no load
WARNING: [Synth 8-7129] Port S_ACLK in module m02_couplers_imp_REDG1D is either unconnected or has no load
WARNING: [Synth 8-7129] Port S_ARESETN in module m02_couplers_imp_REDG1D is either unconnected or has no load
WARNING: [Synth 8-7129] Port M_ACLK in module m01_couplers_imp_QQQ7O6 is either unconnected or has no load
WARNING: [Synth 8-7129] Port M_ARESETN in module m01_couplers_imp_QQQ7O6 is either unconnected or has no load
WARNING: [Synth 8-7129] Port S_ACLK in module m01_couplers_imp_QQQ7O6 is either unconnected or has no load
WARNING: [Synth 8-7129] Port S_ARESETN in module m01_couplers_imp_QQQ7O6 is either unconnected or has no load
WARNING: [Synth 8-7129] Port M_ACLK in module m00_couplers_imp_R56VKB is either unconnected or has no load
WARNING: [Synth 8-7129] Port M_ARESETN in module m00_couplers_imp_R56VKB is either unconnected or has no load
WARNING: [Synth 8-7129] Port S_ACLK in module m00_couplers_imp_R56VKB is either unconnected or has no load
WARNING: [Synth 8-7129] Port S_ARESETN in module m00_couplers_imp_R56VKB is either unconnected or has no load
WARNING: [Synth 8-7129] Port M00_ACLK in module uBlaze_pong_im_gen_microblaze_0_axi_periph_0 is either unconnected or has no load
WARNING: [Synth 8-7129] Port M00_ARESETN in module uBlaze_pong_im_gen_microblaze_0_axi_periph_0 is either unconnected or has no load
WARNING: [Synth 8-7129] Port M01_ACLK in module uBlaze_pong_im_gen_microblaze_0_axi_periph_0 is either unconnected or has no load
WARNING: [Synth 8-7129] Port M01_ARESETN in module uBlaze_pong_im_gen_microblaze_0_axi_periph_0 is either unconnected or has no load
WARNING: [Synth 8-7129] Port M02_ACLK in module uBlaze_pong_im_gen_microblaze_0_axi_periph_0 is either unconnected or has no load
WARNING: [Synth 8-7129] Port M02_ARESETN in module uBlaze_pong_im_gen_microblaze_0_axi_periph_0 is either unconnected or has no load
WARNING: [Synth 8-7129] Port S00_ACLK in module uBlaze_pong_im_gen_microblaze_0_axi_periph_0 is either unconnected or has no load
WARNING: [Synth 8-7129] Port S00_ARESETN in module uBlaze_pong_im_gen_microblaze_0_axi_periph_0 is either unconnected or has no load
---------------------------------------------------------------------------------
Finished RTL Elaboration : Time (s): cpu = 00:00:11 ; elapsed = 00:00:23 . Memory (MB): peak = 1423.590 ; gain = 13.723
---------------------------------------------------------------------------------
---------------------------------------------------------------------------------
Start Handling Custom Attributes
---------------------------------------------------------------------------------
---------------------------------------------------------------------------------
Finished Handling Custom Attributes : Time (s): cpu = 00:00:12 ; elapsed = 00:00:23 . Memory (MB): peak = 1423.590 ; gain = 13.723
---------------------------------------------------------------------------------
---------------------------------------------------------------------------------
Finished RTL Optimization Phase 1 : Time (s): cpu = 00:00:12 ; elapsed = 00:00:23 . Memory (MB): peak = 1423.590 ; gain = 13.723
---------------------------------------------------------------------------------
Netlist sorting complete. Time (s): cpu = 00:00:00 ; elapsed = 00:00:00.061 . Memory (MB): peak = 1423.590 ; gain = 0.000
INFO: [Project 1-570] Preparing netlist for logic optimization

Processing XDC Constraints
Initializing timing engine
Parsing XDC File [d:/SoCDesign/HW3/hw3_pong_game_v3/hw3_pong_game_v3.gen/sources_1/bd/uBlaze_pong_im_gen/ip/uBlaze_pong_im_gen_clk_wiz_0_0/uBlaze_pong_im_gen_clk_wiz_0_0/uBlaze_pong_im_gen_clk_wiz_0_0_in_context.xdc] for cell 'uBlaze_pong_im_gen_i/clk_wiz_0'
Finished Parsing XDC File [d:/SoCDesign/HW3/hw3_pong_game_v3/hw3_pong_game_v3.gen/sources_1/bd/uBlaze_pong_im_gen/ip/uBlaze_pong_im_gen_clk_wiz_0_0/uBlaze_pong_im_gen_clk_wiz_0_0/uBlaze_pong_im_gen_clk_wiz_0_0_in_context.xdc] for cell 'uBlaze_pong_im_gen_i/clk_wiz_0'
Parsing XDC File [d:/SoCDesign/HW3/hw3_pong_game_v3/hw3_pong_game_v3.gen/sources_1/bd/uBlaze_pong_im_gen/ip/uBlaze_pong_im_gen_microblaze_0_0/uBlaze_pong_im_gen_microblaze_0_0/uBlaze_pong_im_gen_microblaze_0_0_in_context.xdc] for cell 'uBlaze_pong_im_gen_i/microblaze_0'
Finished Parsing XDC File [d:/SoCDesign/HW3/hw3_pong_game_v3/hw3_pong_game_v3.gen/sources_1/bd/uBlaze_pong_im_gen/ip/uBlaze_pong_im_gen_microblaze_0_0/uBlaze_pong_im_gen_microblaze_0_0/uBlaze_pong_im_gen_microblaze_0_0_in_context.xdc] for cell 'uBlaze_pong_im_gen_i/microblaze_0'
Parsing XDC File [d:/SoCDesign/HW3/hw3_pong_game_v3/hw3_pong_game_v3.gen/sources_1/bd/uBlaze_pong_im_gen/ip/uBlaze_pong_im_gen_dlmb_v10_0/uBlaze_pong_im_gen_dlmb_v10_0/uBlaze_pong_im_gen_dlmb_v10_0_in_context.xdc] for cell 'uBlaze_pong_im_gen_i/microblaze_0_local_memory/dlmb_v10'
Finished Parsing XDC File [d:/SoCDesign/HW3/hw3_pong_game_v3/hw3_pong_game_v3.gen/sources_1/bd/uBlaze_pong_im_gen/ip/uBlaze_pong_im_gen_dlmb_v10_0/uBlaze_pong_im_gen_dlmb_v10_0/uBlaze_pong_im_gen_dlmb_v10_0_in_context.xdc] for cell 'uBlaze_pong_im_gen_i/microblaze_0_local_memory/dlmb_v10'
Parsing XDC File [d:/SoCDesign/HW3/hw3_pong_game_v3/hw3_pong_game_v3.gen/sources_1/bd/uBlaze_pong_im_gen/ip/uBlaze_pong_im_gen_ilmb_v10_0/uBlaze_pong_im_gen_ilmb_v10_0/uBlaze_pong_im_gen_dlmb_v10_0_in_context.xdc] for cell 'uBlaze_pong_im_gen_i/microblaze_0_local_memory/ilmb_v10'
Finished Parsing XDC File [d:/SoCDesign/HW3/hw3_pong_game_v3/hw3_pong_game_v3.gen/sources_1/bd/uBlaze_pong_im_gen/ip/uBlaze_pong_im_gen_ilmb_v10_0/uBlaze_pong_im_gen_ilmb_v10_0/uBlaze_pong_im_gen_dlmb_v10_0_in_context.xdc] for cell 'uBlaze_pong_im_gen_i/microblaze_0_local_memory/ilmb_v10'
Parsing XDC File [d:/SoCDesign/HW3/hw3_pong_game_v3/hw3_pong_game_v3.gen/sources_1/bd/uBlaze_pong_im_gen/ip/uBlaze_pong_im_gen_dlmb_bram_if_cntlr_0/uBlaze_pong_im_gen_dlmb_bram_if_cntlr_0/uBlaze_pong_im_gen_dlmb_bram_if_cntlr_0_in_context.xdc] for cell 'uBlaze_pong_im_gen_i/microblaze_0_local_memory/dlmb_bram_if_cntlr'
Finished Parsing XDC File [d:/SoCDesign/HW3/hw3_pong_game_v3/hw3_pong_game_v3.gen/sources_1/bd/uBlaze_pong_im_gen/ip/uBlaze_pong_im_gen_dlmb_bram_if_cntlr_0/uBlaze_pong_im_gen_dlmb_bram_if_cntlr_0/uBlaze_pong_im_gen_dlmb_bram_if_cntlr_0_in_context.xdc] for cell 'uBlaze_pong_im_gen_i/microblaze_0_local_memory/dlmb_bram_if_cntlr'
Parsing XDC File [d:/SoCDesign/HW3/hw3_pong_game_v3/hw3_pong_game_v3.gen/sources_1/bd/uBlaze_pong_im_gen/ip/uBlaze_pong_im_gen_ilmb_bram_if_cntlr_0/uBlaze_pong_im_gen_ilmb_bram_if_cntlr_0/uBlaze_pong_im_gen_ilmb_bram_if_cntlr_0_in_context.xdc] for cell 'uBlaze_pong_im_gen_i/microblaze_0_local_memory/ilmb_bram_if_cntlr'
Finished Parsing XDC File [d:/SoCDesign/HW3/hw3_pong_game_v3/hw3_pong_game_v3.gen/sources_1/bd/uBlaze_pong_im_gen/ip/uBlaze_pong_im_gen_ilmb_bram_if_cntlr_0/uBlaze_pong_im_gen_ilmb_bram_if_cntlr_0/uBlaze_pong_im_gen_ilmb_bram_if_cntlr_0_in_context.xdc] for cell 'uBlaze_pong_im_gen_i/microblaze_0_local_memory/ilmb_bram_if_cntlr'
Parsing XDC File [d:/SoCDesign/HW3/hw3_pong_game_v3/hw3_pong_game_v3.gen/sources_1/bd/uBlaze_pong_im_gen/ip/uBlaze_pong_im_gen_lmb_bram_0/uBlaze_pong_im_gen_lmb_bram_0/uBlaze_pong_im_gen_lmb_bram_0_in_context.xdc] for cell 'uBlaze_pong_im_gen_i/microblaze_0_local_memory/lmb_bram'
Finished Parsing XDC File [d:/SoCDesign/HW3/hw3_pong_game_v3/hw3_pong_game_v3.gen/sources_1/bd/uBlaze_pong_im_gen/ip/uBlaze_pong_im_gen_lmb_bram_0/uBlaze_pong_im_gen_lmb_bram_0/uBlaze_pong_im_gen_lmb_bram_0_in_context.xdc] for cell 'uBlaze_pong_im_gen_i/microblaze_0_local_memory/lmb_bram'
Parsing XDC File [d:/SoCDesign/HW3/hw3_pong_game_v3/hw3_pong_game_v3.gen/sources_1/bd/uBlaze_pong_im_gen/ip/uBlaze_pong_im_gen_mdm_1_0/uBlaze_pong_im_gen_mdm_1_0/uBlaze_pong_im_gen_mdm_1_0_in_context.xdc] for cell 'uBlaze_pong_im_gen_i/mdm_1'
Finished Parsing XDC File [d:/SoCDesign/HW3/hw3_pong_game_v3/hw3_pong_game_v3.gen/sources_1/bd/uBlaze_pong_im_gen/ip/uBlaze_pong_im_gen_mdm_1_0/uBlaze_pong_im_gen_mdm_1_0/uBlaze_pong_im_gen_mdm_1_0_in_context.xdc] for cell 'uBlaze_pong_im_gen_i/mdm_1'
Parsing XDC File [d:/SoCDesign/HW3/hw3_pong_game_v3/hw3_pong_game_v3.gen/sources_1/bd/uBlaze_pong_im_gen/ip/uBlaze_pong_im_gen_rst_clk_wiz_0_100M_0/uBlaze_pong_im_gen_rst_clk_wiz_0_100M_0/uBlaze_pong_im_gen_rst_clk_wiz_0_100M_0_in_context.xdc] for cell 'uBlaze_pong_im_gen_i/rst_clk_wiz_0_100M'
Finished Parsing XDC File [d:/SoCDesign/HW3/hw3_pong_game_v3/hw3_pong_game_v3.gen/sources_1/bd/uBlaze_pong_im_gen/ip/uBlaze_pong_im_gen_rst_clk_wiz_0_100M_0/uBlaze_pong_im_gen_rst_clk_wiz_0_100M_0/uBlaze_pong_im_gen_rst_clk_wiz_0_100M_0_in_context.xdc] for cell 'uBlaze_pong_im_gen_i/rst_clk_wiz_0_100M'
Parsing XDC File [d:/SoCDesign/HW3/hw3_pong_game_v3/hw3_pong_game_v3.gen/sources_1/bd/uBlaze_pong_im_gen/ip/uBlaze_pong_im_gen_axi_uartlite_0_0/uBlaze_pong_im_gen_axi_uartlite_0_0/uBlaze_pong_im_gen_axi_uartlite_0_0_in_context.xdc] for cell 'uBlaze_pong_im_gen_i/axi_uartlite_0'
Finished Parsing XDC File [d:/SoCDesign/HW3/hw3_pong_game_v3/hw3_pong_game_v3.gen/sources_1/bd/uBlaze_pong_im_gen/ip/uBlaze_pong_im_gen_axi_uartlite_0_0/uBlaze_pong_im_gen_axi_uartlite_0_0/uBlaze_pong_im_gen_axi_uartlite_0_0_in_context.xdc] for cell 'uBlaze_pong_im_gen_i/axi_uartlite_0'
Parsing XDC File [d:/SoCDesign/HW3/hw3_pong_game_v3/hw3_pong_game_v3.gen/sources_1/bd/uBlaze_pong_im_gen/ip/uBlaze_pong_im_gen_axi_gpio_0_0/uBlaze_pong_im_gen_axi_gpio_0_0/uBlaze_pong_im_gen_axi_gpio_0_0_in_context.xdc] for cell 'uBlaze_pong_im_gen_i/axi_gpio_0'
Finished Parsing XDC File [d:/SoCDesign/HW3/hw3_pong_game_v3/hw3_pong_game_v3.gen/sources_1/bd/uBlaze_pong_im_gen/ip/uBlaze_pong_im_gen_axi_gpio_0_0/uBlaze_pong_im_gen_axi_gpio_0_0/uBlaze_pong_im_gen_axi_gpio_0_0_in_context.xdc] for cell 'uBlaze_pong_im_gen_i/axi_gpio_0'
Parsing XDC File [d:/SoCDesign/HW3/hw3_pong_game_v3/hw3_pong_game_v3.gen/sources_1/bd/uBlaze_pong_im_gen/ip/uBlaze_pong_im_gen_xbar_0/uBlaze_pong_im_gen_xbar_0/uBlaze_pong_im_gen_xbar_0_in_context.xdc] for cell 'uBlaze_pong_im_gen_i/microblaze_0_axi_periph/xbar'
Finished Parsing XDC File [d:/SoCDesign/HW3/hw3_pong_game_v3/hw3_pong_game_v3.gen/sources_1/bd/uBlaze_pong_im_gen/ip/uBlaze_pong_im_gen_xbar_0/uBlaze_pong_im_gen_xbar_0/uBlaze_pong_im_gen_xbar_0_in_context.xdc] for cell 'uBlaze_pong_im_gen_i/microblaze_0_axi_periph/xbar'
Parsing XDC File [d:/SoCDesign/HW3/hw3_pong_game_v3/hw3_pong_game_v3.gen/sources_1/bd/uBlaze_pong_im_gen/ip/uBlaze_pong_im_gen_pong_image_gen_0_0/uBlaze_pong_im_gen_pong_image_gen_0_0/uBlaze_pong_im_gen_pong_image_gen_0_0_in_context.xdc] for cell 'uBlaze_pong_im_gen_i/pong_image_gen_0'
Finished Parsing XDC File [d:/SoCDesign/HW3/hw3_pong_game_v3/hw3_pong_game_v3.gen/sources_1/bd/uBlaze_pong_im_gen/ip/uBlaze_pong_im_gen_pong_image_gen_0_0/uBlaze_pong_im_gen_pong_image_gen_0_0/uBlaze_pong_im_gen_pong_image_gen_0_0_in_context.xdc] for cell 'uBlaze_pong_im_gen_i/pong_image_gen_0'
Parsing XDC File [D:/SoCDesign/HW3/hw3_pong_game_v3/hw3_pong_game_v3.srcs/constrs_1/imports/new/Basys-3-Master.xdc]
Finished Parsing XDC File [D:/SoCDesign/HW3/hw3_pong_game_v3/hw3_pong_game_v3.srcs/constrs_1/imports/new/Basys-3-Master.xdc]
INFO: [Project 1-236] Implementation specific constraints were found while reading constraint file [D:/SoCDesign/HW3/hw3_pong_game_v3/hw3_pong_game_v3.srcs/constrs_1/imports/new/Basys-3-Master.xdc]. These constraints will be ignored for synthesis but will be used in implementation. Impacted constraints are listed in the file [.Xil/uBlaze_pong_im_gen_wrapper_propImpl.xdc].
Resolution: To avoid this warning, move constraints listed in [.Xil/uBlaze_pong_im_gen_wrapper_propImpl.xdc] to another XDC file and exclude this new file from synthesis with the used_in_synthesis property (File Properties dialog in GUI) and re-run elaboration/synthesis.
Parsing XDC File [D:/SoCDesign/HW3/hw3_pong_game_v3/hw3_pong_game_v3.runs/synth_1/dont_touch.xdc]
Finished Parsing XDC File [D:/SoCDesign/HW3/hw3_pong_game_v3/hw3_pong_game_v3.runs/synth_1/dont_touch.xdc]
Completed Processing XDC Constraints

Netlist sorting complete. Time (s): cpu = 00:00:00 ; elapsed = 00:00:00 . Memory (MB): peak = 1423.590 ; gain = 0.000
INFO: [Project 1-111] Unisim Transformation Summary:
No Unisim elements were transformed.

Constraint Validation Runtime : Time (s): cpu = 00:00:00 ; elapsed = 00:00:00.009 . Memory (MB): peak = 1423.590 ; gain = 0.000
WARNING: [Timing 38-316] Clock period '20.000' specified during out-of-context synthesis of instance 'uBlaze_pong_im_gen_i/microblaze_0_local_memory/lmb_bram' at clock pin 'clka' is different from the actual clock period '10.000', this can lead to different synthesis results.
INFO: [Designutils 20-5440] No compile time benefit to using incremental synthesis; A full resynthesis will be run
INFO: [Designutils 20-4379] Flow is switching to default flow due to incremental criteria not met. If you would like to alter this behaviour and have the flow terminate instead, please set the following parameter config_implementation {autoIncr.Synth.RejectBehavior Terminate}
---------------------------------------------------------------------------------
Finished Constraint Validation : Time (s): cpu = 00:00:20 ; elapsed = 00:00:44 . Memory (MB): peak = 1423.590 ; gain = 13.723
---------------------------------------------------------------------------------
---------------------------------------------------------------------------------
Start Loading Part and Timing Information
---------------------------------------------------------------------------------
Loading part: xc7a35tcpg236-1
---------------------------------------------------------------------------------
Finished Loading Part and Timing Information : Time (s): cpu = 00:00:20 ; elapsed = 00:00:45 . Memory (MB): peak = 1423.590 ; gain = 13.723
---------------------------------------------------------------------------------
---------------------------------------------------------------------------------
Start Applying 'set_property' XDC Constraints
---------------------------------------------------------------------------------
Applied set_property IO_BUFFER_TYPE = NONE for sys_clock. (constraint file  d:/SoCDesign/HW3/hw3_pong_game_v3/hw3_pong_game_v3.gen/sources_1/bd/uBlaze_pong_im_gen/ip/uBlaze_pong_im_gen_clk_wiz_0_0/uBlaze_pong_im_gen_clk_wiz_0_0/uBlaze_pong_im_gen_clk_wiz_0_0_in_context.xdc, line 3).
Applied set_property CLOCK_BUFFER_TYPE = NONE for sys_clock. (constraint file  d:/SoCDesign/HW3/hw3_pong_game_v3/hw3_pong_game_v3.gen/sources_1/bd/uBlaze_pong_im_gen/ip/uBlaze_pong_im_gen_clk_wiz_0_0/uBlaze_pong_im_gen_clk_wiz_0_0/uBlaze_pong_im_gen_clk_wiz_0_0_in_context.xdc, line 4).
Applied set_property KEEP_HIERARCHY = SOFT for uBlaze_pong_im_gen_i. (constraint file  auto generated constraint).
Applied set_property KEEP_HIERARCHY = SOFT for uBlaze_pong_im_gen_i/clk_wiz_0. (constraint file  auto generated constraint).
Applied set_property KEEP_HIERARCHY = SOFT for uBlaze_pong_im_gen_i/microblaze_0. (constraint file  auto generated constraint).
Applied set_property KEEP_HIERARCHY = SOFT for uBlaze_pong_im_gen_i/microblaze_0_local_memory/dlmb_v10. (constraint file  auto generated constraint).
Applied set_property KEEP_HIERARCHY = SOFT for uBlaze_pong_im_gen_i/microblaze_0_local_memory/ilmb_v10. (constraint file  auto generated constraint).
Applied set_property KEEP_HIERARCHY = SOFT for uBlaze_pong_im_gen_i/microblaze_0_local_memory/dlmb_bram_if_cntlr. (constraint file  auto generated constraint).
Applied set_property KEEP_HIERARCHY = SOFT for uBlaze_pong_im_gen_i/microblaze_0_local_memory/ilmb_bram_if_cntlr. (constraint file  auto generated constraint).
Applied set_property KEEP_HIERARCHY = SOFT for uBlaze_pong_im_gen_i/microblaze_0_local_memory/lmb_bram. (constraint file  auto generated constraint).
Applied set_property KEEP_HIERARCHY = SOFT for uBlaze_pong_im_gen_i/mdm_1. (constraint file  auto generated constraint).
Applied set_property KEEP_HIERARCHY = SOFT for uBlaze_pong_im_gen_i/rst_clk_wiz_0_100M. (constraint file  auto generated constraint).
Applied set_property KEEP_HIERARCHY = SOFT for uBlaze_pong_im_gen_i/axi_uartlite_0. (constraint file  auto generated constraint).
Applied set_property KEEP_HIERARCHY = SOFT for uBlaze_pong_im_gen_i/axi_gpio_0. (constraint file  auto generated constraint).
Applied set_property KEEP_HIERARCHY = SOFT for uBlaze_pong_im_gen_i/microblaze_0_axi_periph/xbar. (constraint file  auto generated constraint).
Applied set_property KEEP_HIERARCHY = SOFT for uBlaze_pong_im_gen_i/microblaze_0_axi_periph. (constraint file  auto generated constraint).
Applied set_property KEEP_HIERARCHY = SOFT for uBlaze_pong_im_gen_i/pong_image_gen_0. (constraint file  auto generated constraint).
---------------------------------------------------------------------------------
Finished applying 'set_property' XDC Constraints : Time (s): cpu = 00:00:20 ; elapsed = 00:00:45 . Memory (MB): peak = 1423.590 ; gain = 13.723
---------------------------------------------------------------------------------
---------------------------------------------------------------------------------
Finished RTL Optimization Phase 2 : Time (s): cpu = 00:00:20 ; elapsed = 00:00:45 . Memory (MB): peak = 1423.590 ; gain = 13.723
---------------------------------------------------------------------------------
---------------------------------------------------------------------------------
Start RTL Component Statistics 
---------------------------------------------------------------------------------
Detailed RTL Component Info : 
---------------------------------------------------------------------------------
Finished RTL Component Statistics 
---------------------------------------------------------------------------------
---------------------------------------------------------------------------------
Start Part Resource Summary
---------------------------------------------------------------------------------
Part Resources:
DSPs: 90 (col length:60)
BRAMs: 100 (col length: RAMB18 60 RAMB36 30)
---------------------------------------------------------------------------------
Finished Part Resource Summary
---------------------------------------------------------------------------------
---------------------------------------------------------------------------------
Start Cross Boundary and Area Optimization
---------------------------------------------------------------------------------
WARNING: [Synth 8-7080] Parallel synthesis criteria is not met
WARNING: [Synth 8-7129] Port M00_ACLK in module uBlaze_pong_im_gen_microblaze_0_axi_periph_0 is either unconnected or has no load
WARNING: [Synth 8-7129] Port M00_ARESETN in module uBlaze_pong_im_gen_microblaze_0_axi_periph_0 is either unconnected or has no load
WARNING: [Synth 8-7129] Port M01_ACLK in module uBlaze_pong_im_gen_microblaze_0_axi_periph_0 is either unconnected or has no load
WARNING: [Synth 8-7129] Port M01_ARESETN in module uBlaze_pong_im_gen_microblaze_0_axi_periph_0 is either unconnected or has no load
WARNING: [Synth 8-7129] Port M02_ACLK in module uBlaze_pong_im_gen_microblaze_0_axi_periph_0 is either unconnected or has no load
WARNING: [Synth 8-7129] Port M02_ARESETN in module uBlaze_pong_im_gen_microblaze_0_axi_periph_0 is either unconnected or has no load
WARNING: [Synth 8-7129] Port S00_ACLK in module uBlaze_pong_im_gen_microblaze_0_axi_periph_0 is either unconnected or has no load
WARNING: [Synth 8-7129] Port S00_ARESETN in module uBlaze_pong_im_gen_microblaze_0_axi_periph_0 is either unconnected or has no load
---------------------------------------------------------------------------------
Finished Cross Boundary and Area Optimization : Time (s): cpu = 00:00:23 ; elapsed = 00:00:50 . Memory (MB): peak = 1423.590 ; gain = 13.723
---------------------------------------------------------------------------------
---------------------------------------------------------------------------------
Start Applying XDC Timing Constraints
---------------------------------------------------------------------------------
---------------------------------------------------------------------------------
Finished Applying XDC Timing Constraints : Time (s): cpu = 00:00:31 ; elapsed = 00:01:08 . Memory (MB): peak = 1423.590 ; gain = 13.723
---------------------------------------------------------------------------------
---------------------------------------------------------------------------------
Start Timing Optimization
---------------------------------------------------------------------------------
---------------------------------------------------------------------------------
Finished Timing Optimization : Time (s): cpu = 00:00:31 ; elapsed = 00:01:08 . Memory (MB): peak = 1423.590 ; gain = 13.723
---------------------------------------------------------------------------------
---------------------------------------------------------------------------------
Start Technology Mapping
---------------------------------------------------------------------------------
---------------------------------------------------------------------------------
Finished Technology Mapping : Time (s): cpu = 00:00:31 ; elapsed = 00:01:08 . Memory (MB): peak = 1440.047 ; gain = 30.180
---------------------------------------------------------------------------------
---------------------------------------------------------------------------------
Start IO Insertion
---------------------------------------------------------------------------------
---------------------------------------------------------------------------------
Start Flattening Before IO Insertion
---------------------------------------------------------------------------------
---------------------------------------------------------------------------------
Finished Flattening Before IO Insertion
---------------------------------------------------------------------------------
---------------------------------------------------------------------------------
Start Final Netlist Cleanup
---------------------------------------------------------------------------------
---------------------------------------------------------------------------------
Finished Final Netlist Cleanup
---------------------------------------------------------------------------------
---------------------------------------------------------------------------------
Finished IO Insertion : Time (s): cpu = 00:00:39 ; elapsed = 00:01:25 . Memory (MB): peak = 1446.082 ; gain = 36.215
---------------------------------------------------------------------------------
---------------------------------------------------------------------------------
Start Renaming Generated Instances
---------------------------------------------------------------------------------
---------------------------------------------------------------------------------
Finished Renaming Generated Instances : Time (s): cpu = 00:00:39 ; elapsed = 00:01:25 . Memory (MB): peak = 1446.082 ; gain = 36.215
---------------------------------------------------------------------------------
---------------------------------------------------------------------------------
Start Rebuilding User Hierarchy
---------------------------------------------------------------------------------
---------------------------------------------------------------------------------
Finished Rebuilding User Hierarchy : Time (s): cpu = 00:00:39 ; elapsed = 00:01:25 . Memory (MB): peak = 1446.082 ; gain = 36.215
---------------------------------------------------------------------------------
---------------------------------------------------------------------------------
Start Renaming Generated Ports
---------------------------------------------------------------------------------
---------------------------------------------------------------------------------
Finished Renaming Generated Ports : Time (s): cpu = 00:00:39 ; elapsed = 00:01:25 . Memory (MB): peak = 1446.082 ; gain = 36.215
---------------------------------------------------------------------------------
---------------------------------------------------------------------------------
Start Handling Custom Attributes
---------------------------------------------------------------------------------
---------------------------------------------------------------------------------
Finished Handling Custom Attributes : Time (s): cpu = 00:00:39 ; elapsed = 00:01:25 . Memory (MB): peak = 1446.082 ; gain = 36.215
---------------------------------------------------------------------------------
---------------------------------------------------------------------------------
Start Renaming Generated Nets
---------------------------------------------------------------------------------
---------------------------------------------------------------------------------
Finished Renaming Generated Nets : Time (s): cpu = 00:00:39 ; elapsed = 00:01:25 . Memory (MB): peak = 1446.082 ; gain = 36.215
---------------------------------------------------------------------------------
---------------------------------------------------------------------------------
Start Writing Synthesis Report
---------------------------------------------------------------------------------

Report BlackBoxes: 
+------+----------------------------------------+----------+
|      |BlackBox name                           |Instances |
+------+----------------------------------------+----------+
|1     |uBlaze_pong_im_gen_xbar_0               |         1|
|2     |uBlaze_pong_im_gen_axi_gpio_0_0         |         1|
|3     |uBlaze_pong_im_gen_axi_uartlite_0_0     |         1|
|4     |uBlaze_pong_im_gen_clk_wiz_0_0          |         1|
|5     |uBlaze_pong_im_gen_mdm_1_0              |         1|
|6     |uBlaze_pong_im_gen_microblaze_0_0       |         1|
|7     |uBlaze_pong_im_gen_pong_image_gen_0_0   |         1|
|8     |uBlaze_pong_im_gen_rst_clk_wiz_0_100M_0 |         1|
|9     |uBlaze_pong_im_gen_dlmb_bram_if_cntlr_0 |         1|
|10    |uBlaze_pong_im_gen_dlmb_v10_0           |         1|
|11    |uBlaze_pong_im_gen_ilmb_bram_if_cntlr_0 |         1|
|12    |uBlaze_pong_im_gen_ilmb_v10_0           |         1|
|13    |uBlaze_pong_im_gen_lmb_bram_0           |         1|
+------+----------------------------------------+----------+

Report Cell Usage: 
+------+--------------------------------------+------+
|      |Cell                                  |Count |
+------+--------------------------------------+------+
|1     |uBlaze_pong_im_gen_axi_gpio_0         |     1|
|2     |uBlaze_pong_im_gen_axi_uartlite_0     |     1|
|3     |uBlaze_pong_im_gen_clk_wiz_0          |     1|
|4     |uBlaze_pong_im_gen_dlmb_bram_if_cntlr |     1|
|5     |uBlaze_pong_im_gen_dlmb_v10           |     1|
|6     |uBlaze_pong_im_gen_ilmb_bram_if_cntlr |     1|
|7     |uBlaze_pong_im_gen_ilmb_v10           |     1|
|8     |uBlaze_pong_im_gen_lmb_bram           |     1|
|9     |uBlaze_pong_im_gen_mdm_1              |     1|
|10    |uBlaze_pong_im_gen_microblaze_0       |     1|
|11    |uBlaze_pong_im_gen_pong_image_gen_0   |     1|
|12    |uBlaze_pong_im_gen_rst_clk_wiz_0_100M |     1|
|13    |uBlaze_pong_im_gen_xbar               |     1|
|14    |IBUF                                  |     6|
|15    |OBUF                                  |    15|
+------+--------------------------------------+------+
---------------------------------------------------------------------------------
Finished Writing Synthesis Report : Time (s): cpu = 00:00:39 ; elapsed = 00:01:25 . Memory (MB): peak = 1446.082 ; gain = 36.215
---------------------------------------------------------------------------------
Synthesis finished with 0 errors, 0 critical warnings and 9 warnings.
Synthesis Optimization Runtime : Time (s): cpu = 00:00:26 ; elapsed = 00:01:20 . Memory (MB): peak = 1446.082 ; gain = 36.215
Synthesis Optimization Complete : Time (s): cpu = 00:00:39 ; elapsed = 00:01:25 . Memory (MB): peak = 1446.082 ; gain = 36.215
INFO: [Project 1-571] Translating synthesized netlist
Netlist sorting complete. Time (s): cpu = 00:00:00 ; elapsed = 00:00:00.044 . Memory (MB): peak = 1458.121 ; gain = 0.000
INFO: [Project 1-570] Preparing netlist for logic optimization
INFO: [Opt 31-138] Pushed 0 inverter(s) to 0 load pin(s).
Netlist sorting complete. Time (s): cpu = 00:00:00 ; elapsed = 00:00:00 . Memory (MB): peak = 1466.734 ; gain = 0.000
INFO: [Project 1-111] Unisim Transformation Summary:
No Unisim elements were transformed.

Synth Design complete, checksum: 1c808a7f
INFO: [Common 17-83] Releasing license: Synthesis
64 Infos, 48 Warnings, 0 Critical Warnings and 0 Errors encountered.
synth_design completed successfully
synth_design: Time (s): cpu = 00:00:45 ; elapsed = 00:01:41 . Memory (MB): peak = 1466.734 ; gain = 56.867
INFO: [Common 17-1381] The checkpoint 'D:/SoCDesign/HW3/hw3_pong_game_v3/hw3_pong_game_v3.runs/synth_1/uBlaze_pong_im_gen_wrapper.dcp' has been generated.
INFO: [runtcl-4] Executing : report_utilization -file uBlaze_pong_im_gen_wrapper_utilization_synth.rpt -pb uBlaze_pong_im_gen_wrapper_utilization_synth.pb
INFO: [Common 17-206] Exiting Vivado at Sun Mar 26 13:17:36 2023...
