
*** Running vivado
    with args -log uBlaze_pong_im_gen_dlmb_v10_0.vds -m64 -product Vivado -mode batch -messageDb vivado.pb -notrace -source uBlaze_pong_im_gen_dlmb_v10_0.tcl



****** Vivado v2022.1 (64-bit)
  **** SW Build 3526262 on Mon Apr 18 15:48:16 MDT 2022
  **** IP Build 3524634 on Mon Apr 18 20:55:01 MDT 2022
    ** Copyright 1986-2022 Xilinx, Inc. All Rights Reserved.

source uBlaze_pong_im_gen_dlmb_v10_0.tcl -notrace
create_project: Time (s): cpu = 00:00:13 ; elapsed = 00:00:20 . Memory (MB): peak = 1379.883 ; gain = 0.000
INFO: [IP_Flow 19-234] Refreshing IP repositories
INFO: [IP_Flow 19-1700] Loaded user IP repository 'd:/SoCDesign/HW3/ip_repo/pong_image_gen_3.0'.
INFO: [IP_Flow 19-2313] Loaded Vivado IP repository 'D:/Vivado/2022.1/data/ip'.
Command: synth_design -top uBlaze_pong_im_gen_dlmb_v10_0 -part xc7a35tcpg236-1 -incremental_mode off -mode out_of_context
Starting synth_design
Attempting to get a license for feature 'Synthesis' and/or device 'xc7a35t'
INFO: [Common 17-349] Got license for feature 'Synthesis' and/or device 'xc7a35t'
INFO: [Device 21-403] Loading part xc7a35tcpg236-1
INFO: [Synth 8-7079] Multithreading enabled for synth_design using a maximum of 2 processes.
INFO: [Synth 8-7078] Launching helper process for spawning children vivado processes
INFO: [Synth 8-7075] Helper process launched with PID 21932
---------------------------------------------------------------------------------
Starting RTL Elaboration : Time (s): cpu = 00:00:13 ; elapsed = 00:00:26 . Memory (MB): peak = 1379.883 ; gain = 0.000
---------------------------------------------------------------------------------
INFO: [Synth 8-638] synthesizing module 'uBlaze_pong_im_gen_dlmb_v10_0' [d:/SoCDesign/HW3/hw3_pong_game_v3/hw3_pong_game_v3.gen/sources_1/bd/uBlaze_pong_im_gen/ip/uBlaze_pong_im_gen_dlmb_v10_0/synth/uBlaze_pong_im_gen_dlmb_v10_0.vhd:89]
	Parameter C_LMB_NUM_SLAVES bound to: 1 - type: integer 
	Parameter C_LMB_DWIDTH bound to: 32 - type: integer 
	Parameter C_LMB_AWIDTH bound to: 32 - type: integer 
	Parameter C_LMB_PROTOCOL bound to: 0 - type: integer 
	Parameter C_EXT_RESET_HIGH bound to: 1 - type: integer 
INFO: [Synth 8-3491] module 'lmb_v10' declared at 'd:/SoCDesign/HW3/hw3_pong_game_v3/hw3_pong_game_v3.gen/sources_1/bd/uBlaze_pong_im_gen/ipshared/cd1d/hdl/lmb_v10_v3_0_vh_rfs.vhd:92' bound to instance 'U0' of component 'lmb_v10' [d:/SoCDesign/HW3/hw3_pong_game_v3/hw3_pong_game_v3.gen/sources_1/bd/uBlaze_pong_im_gen/ip/uBlaze_pong_im_gen_dlmb_v10_0/synth/uBlaze_pong_im_gen_dlmb_v10_0.vhd:165]
INFO: [Synth 8-638] synthesizing module 'lmb_v10' [d:/SoCDesign/HW3/hw3_pong_game_v3/hw3_pong_game_v3.gen/sources_1/bd/uBlaze_pong_im_gen/ipshared/cd1d/hdl/lmb_v10_v3_0_vh_rfs.vhd:141]
INFO: [Synth 8-3491] module 'FDS' declared at 'D:/Vivado/2022.1/scripts/rt/data/unisim_comp.v:27959' bound to instance 'POR_FF_I' of component 'FDS' [d:/SoCDesign/HW3/hw3_pong_game_v3/hw3_pong_game_v3.gen/sources_1/bd/uBlaze_pong_im_gen/ipshared/cd1d/hdl/lmb_v10_v3_0_vh_rfs.vhd:171]
INFO: [Synth 8-6157] synthesizing module 'FDS' [D:/Vivado/2022.1/scripts/rt/data/unisim_comp.v:27959]
INFO: [Synth 8-6155] done synthesizing module 'FDS' (0#1) [D:/Vivado/2022.1/scripts/rt/data/unisim_comp.v:27959]
INFO: [Synth 8-256] done synthesizing module 'lmb_v10' (0#1) [d:/SoCDesign/HW3/hw3_pong_game_v3/hw3_pong_game_v3.gen/sources_1/bd/uBlaze_pong_im_gen/ipshared/cd1d/hdl/lmb_v10_v3_0_vh_rfs.vhd:141]
INFO: [Synth 8-256] done synthesizing module 'uBlaze_pong_im_gen_dlmb_v10_0' (0#1) [d:/SoCDesign/HW3/hw3_pong_game_v3/hw3_pong_game_v3.gen/sources_1/bd/uBlaze_pong_im_gen/ip/uBlaze_pong_im_gen_dlmb_v10_0/synth/uBlaze_pong_im_gen_dlmb_v10_0.vhd:89]
---------------------------------------------------------------------------------
Finished RTL Elaboration : Time (s): cpu = 00:00:17 ; elapsed = 00:00:32 . Memory (MB): peak = 1393.840 ; gain = 13.957
---------------------------------------------------------------------------------
---------------------------------------------------------------------------------
Start Handling Custom Attributes
---------------------------------------------------------------------------------
---------------------------------------------------------------------------------
Finished Handling Custom Attributes : Time (s): cpu = 00:00:17 ; elapsed = 00:00:33 . Memory (MB): peak = 1393.840 ; gain = 13.957
---------------------------------------------------------------------------------
---------------------------------------------------------------------------------
Finished RTL Optimization Phase 1 : Time (s): cpu = 00:00:17 ; elapsed = 00:00:33 . Memory (MB): peak = 1393.840 ; gain = 13.957
---------------------------------------------------------------------------------
Netlist sorting complete. Time (s): cpu = 00:00:00 ; elapsed = 00:00:00.012 . Memory (MB): peak = 1393.840 ; gain = 0.000
INFO: [Netlist 29-17] Analyzing 1 Unisim elements for replacement
INFO: [Netlist 29-28] Unisim Transformation completed in 0 CPU seconds
INFO: [Project 1-570] Preparing netlist for logic optimization

Processing XDC Constraints
Initializing timing engine
Parsing XDC File [d:/SoCDesign/HW3/hw3_pong_game_v3/hw3_pong_game_v3.gen/sources_1/bd/uBlaze_pong_im_gen/ip/uBlaze_pong_im_gen_dlmb_v10_0/uBlaze_pong_im_gen_dlmb_v10_0_ooc.xdc] for cell 'U0'
Finished Parsing XDC File [d:/SoCDesign/HW3/hw3_pong_game_v3/hw3_pong_game_v3.gen/sources_1/bd/uBlaze_pong_im_gen/ip/uBlaze_pong_im_gen_dlmb_v10_0/uBlaze_pong_im_gen_dlmb_v10_0_ooc.xdc] for cell 'U0'
Parsing XDC File [D:/SoCDesign/HW3/hw3_pong_game_v3/hw3_pong_game_v3.runs/uBlaze_pong_im_gen_dlmb_v10_0_synth_1/dont_touch.xdc]
Finished Parsing XDC File [D:/SoCDesign/HW3/hw3_pong_game_v3/hw3_pong_game_v3.runs/uBlaze_pong_im_gen_dlmb_v10_0_synth_1/dont_touch.xdc]
Completed Processing XDC Constraints

Netlist sorting complete. Time (s): cpu = 00:00:00 ; elapsed = 00:00:00 . Memory (MB): peak = 1395.488 ; gain = 0.000
INFO: [Project 1-111] Unisim Transformation Summary:
  A total of 1 instances were transformed.
  FDS => FDSE: 1 instance 

Constraint Validation Runtime : Time (s): cpu = 00:00:00 ; elapsed = 00:00:00.083 . Memory (MB): peak = 1399.914 ; gain = 4.426
INFO: [Designutils 20-5008] Incremental synthesis strategy off
---------------------------------------------------------------------------------
Finished Constraint Validation : Time (s): cpu = 00:00:49 ; elapsed = 00:01:15 . Memory (MB): peak = 1399.914 ; gain = 20.031
---------------------------------------------------------------------------------
---------------------------------------------------------------------------------
Start Loading Part and Timing Information
---------------------------------------------------------------------------------
Loading part: xc7a35tcpg236-1
---------------------------------------------------------------------------------
Finished Loading Part and Timing Information : Time (s): cpu = 00:00:49 ; elapsed = 00:01:15 . Memory (MB): peak = 1399.914 ; gain = 20.031
---------------------------------------------------------------------------------
---------------------------------------------------------------------------------
Start Applying 'set_property' XDC Constraints
---------------------------------------------------------------------------------
Applied set_property KEEP_HIERARCHY = SOFT for U0. (constraint file  D:/SoCDesign/HW3/hw3_pong_game_v3/hw3_pong_game_v3.runs/uBlaze_pong_im_gen_dlmb_v10_0_synth_1/dont_touch.xdc, line 9).
---------------------------------------------------------------------------------
Finished applying 'set_property' XDC Constraints : Time (s): cpu = 00:00:49 ; elapsed = 00:01:15 . Memory (MB): peak = 1399.914 ; gain = 20.031
---------------------------------------------------------------------------------
---------------------------------------------------------------------------------
Finished RTL Optimization Phase 2 : Time (s): cpu = 00:00:49 ; elapsed = 00:01:16 . Memory (MB): peak = 1399.914 ; gain = 20.031
---------------------------------------------------------------------------------
---------------------------------------------------------------------------------
Start RTL Component Statistics 
---------------------------------------------------------------------------------
Detailed RTL Component Info : 
---------------------------------------------------------------------------------
Finished RTL Component Statistics 
---------------------------------------------------------------------------------
---------------------------------------------------------------------------------
Start Part Resource Summary
---------------------------------------------------------------------------------
Part Resources:
DSPs: 90 (col length:60)
BRAMs: 100 (col length: RAMB18 60 RAMB36 30)
---------------------------------------------------------------------------------
Finished Part Resource Summary
---------------------------------------------------------------------------------
---------------------------------------------------------------------------------
Start Cross Boundary and Area Optimization
---------------------------------------------------------------------------------
WARNING: [Synth 8-7080] Parallel synthesis criteria is not met
---------------------------------------------------------------------------------
Finished Cross Boundary and Area Optimization : Time (s): cpu = 00:00:53 ; elapsed = 00:01:21 . Memory (MB): peak = 1399.914 ; gain = 20.031
---------------------------------------------------------------------------------
---------------------------------------------------------------------------------
Start Applying XDC Timing Constraints
---------------------------------------------------------------------------------
---------------------------------------------------------------------------------
Finished Applying XDC Timing Constraints : Time (s): cpu = 00:01:09 ; elapsed = 00:01:42 . Memory (MB): peak = 1399.914 ; gain = 20.031
---------------------------------------------------------------------------------
---------------------------------------------------------------------------------
Start Timing Optimization
---------------------------------------------------------------------------------
---------------------------------------------------------------------------------
Finished Timing Optimization : Time (s): cpu = 00:01:09 ; elapsed = 00:01:42 . Memory (MB): peak = 1399.914 ; gain = 20.031
---------------------------------------------------------------------------------
---------------------------------------------------------------------------------
Start Technology Mapping
---------------------------------------------------------------------------------
---------------------------------------------------------------------------------
Finished Technology Mapping : Time (s): cpu = 00:01:09 ; elapsed = 00:01:42 . Memory (MB): peak = 1401.918 ; gain = 22.035
---------------------------------------------------------------------------------
---------------------------------------------------------------------------------
Start IO Insertion
---------------------------------------------------------------------------------
---------------------------------------------------------------------------------
Start Flattening Before IO Insertion
---------------------------------------------------------------------------------
---------------------------------------------------------------------------------
Finished Flattening Before IO Insertion
---------------------------------------------------------------------------------
---------------------------------------------------------------------------------
Start Final Netlist Cleanup
---------------------------------------------------------------------------------
---------------------------------------------------------------------------------
Finished Final Netlist Cleanup
---------------------------------------------------------------------------------
---------------------------------------------------------------------------------
Finished IO Insertion : Time (s): cpu = 00:01:23 ; elapsed = 00:01:59 . Memory (MB): peak = 1406.699 ; gain = 26.816
---------------------------------------------------------------------------------
---------------------------------------------------------------------------------
Start Renaming Generated Instances
---------------------------------------------------------------------------------
---------------------------------------------------------------------------------
Finished Renaming Generated Instances : Time (s): cpu = 00:01:23 ; elapsed = 00:01:59 . Memory (MB): peak = 1406.699 ; gain = 26.816
---------------------------------------------------------------------------------
---------------------------------------------------------------------------------
Start Rebuilding User Hierarchy
---------------------------------------------------------------------------------
---------------------------------------------------------------------------------
Finished Rebuilding User Hierarchy : Time (s): cpu = 00:01:23 ; elapsed = 00:01:59 . Memory (MB): peak = 1406.699 ; gain = 26.816
---------------------------------------------------------------------------------
---------------------------------------------------------------------------------
Start Renaming Generated Ports
---------------------------------------------------------------------------------
---------------------------------------------------------------------------------
Finished Renaming Generated Ports : Time (s): cpu = 00:01:23 ; elapsed = 00:01:59 . Memory (MB): peak = 1406.699 ; gain = 26.816
---------------------------------------------------------------------------------
---------------------------------------------------------------------------------
Start Handling Custom Attributes
---------------------------------------------------------------------------------
---------------------------------------------------------------------------------
Finished Handling Custom Attributes : Time (s): cpu = 00:01:23 ; elapsed = 00:01:59 . Memory (MB): peak = 1406.699 ; gain = 26.816
---------------------------------------------------------------------------------
---------------------------------------------------------------------------------
Start Renaming Generated Nets
---------------------------------------------------------------------------------
---------------------------------------------------------------------------------
Finished Renaming Generated Nets : Time (s): cpu = 00:01:23 ; elapsed = 00:01:59 . Memory (MB): peak = 1406.699 ; gain = 26.816
---------------------------------------------------------------------------------
---------------------------------------------------------------------------------
Start Writing Synthesis Report
---------------------------------------------------------------------------------

Report BlackBoxes: 
+-+--------------+----------+
| |BlackBox name |Instances |
+-+--------------+----------+
+-+--------------+----------+

Report Cell Usage: 
+------+-----+------+
|      |Cell |Count |
+------+-----+------+
|1     |FDS  |     1|
+------+-----+------+
---------------------------------------------------------------------------------
Finished Writing Synthesis Report : Time (s): cpu = 00:01:23 ; elapsed = 00:01:59 . Memory (MB): peak = 1406.699 ; gain = 26.816
---------------------------------------------------------------------------------
Synthesis finished with 0 errors, 0 critical warnings and 1 warnings.
Synthesis Optimization Runtime : Time (s): cpu = 00:01:01 ; elapsed = 00:01:50 . Memory (MB): peak = 1406.699 ; gain = 20.742
Synthesis Optimization Complete : Time (s): cpu = 00:01:23 ; elapsed = 00:01:59 . Memory (MB): peak = 1406.699 ; gain = 26.816
INFO: [Project 1-571] Translating synthesized netlist
Netlist sorting complete. Time (s): cpu = 00:00:00 ; elapsed = 00:00:00.013 . Memory (MB): peak = 1406.699 ; gain = 0.000
INFO: [Netlist 29-17] Analyzing 1 Unisim elements for replacement
INFO: [Netlist 29-28] Unisim Transformation completed in 0 CPU seconds
INFO: [Project 1-570] Preparing netlist for logic optimization
INFO: [Opt 31-138] Pushed 0 inverter(s) to 0 load pin(s).
Netlist sorting complete. Time (s): cpu = 00:00:00 ; elapsed = 00:00:00 . Memory (MB): peak = 1428.562 ; gain = 0.000
INFO: [Project 1-111] Unisim Transformation Summary:
  A total of 1 instances were transformed.
  FDS => FDSE: 1 instance 

Synth Design complete, checksum: f3e38c76
INFO: [Common 17-83] Releasing license: Synthesis
28 Infos, 1 Warnings, 0 Critical Warnings and 0 Errors encountered.
synth_design completed successfully
synth_design: Time (s): cpu = 00:01:35 ; elapsed = 00:02:21 . Memory (MB): peak = 1428.562 ; gain = 48.680
INFO: [Common 17-1381] The checkpoint 'D:/SoCDesign/HW3/hw3_pong_game_v3/hw3_pong_game_v3.runs/uBlaze_pong_im_gen_dlmb_v10_0_synth_1/uBlaze_pong_im_gen_dlmb_v10_0.dcp' has been generated.
INFO: [Coretcl 2-1648] Added synthesis output to IP cache for IP uBlaze_pong_im_gen_dlmb_v10_0, cache-ID = 10e94bb90dc28c7e
INFO: [Common 17-1381] The checkpoint 'D:/SoCDesign/HW3/hw3_pong_game_v3/hw3_pong_game_v3.runs/uBlaze_pong_im_gen_dlmb_v10_0_synth_1/uBlaze_pong_im_gen_dlmb_v10_0.dcp' has been generated.
INFO: [runtcl-4] Executing : report_utilization -file uBlaze_pong_im_gen_dlmb_v10_0_utilization_synth.rpt -pb uBlaze_pong_im_gen_dlmb_v10_0_utilization_synth.pb
INFO: [Common 17-206] Exiting Vivado at Sun Mar 26 11:15:36 2023...
